2023-01-05 16:59:52 | INFO  | /Users/adong/Dev/Golang/src/member-system-server/internal/app/fictitious_order/api/user.go:56| isLogin | null| UniqId:cer932594811frce8kog
2023-01-05 16:59:52 | INFO  | /Users/adong/Dev/Golang/pkg/mod/github.com/jackylee92/rgo@v1.0.11/core/rgmysql/rgmysqllog.go:35| SELECT `id`,`status`,`nickname` FROM `user_account` WHERE username = 'ljd' AND password = 'ljdljd' AND delete_flag = 0 影响:0 耗时:9.61258ms| UniqId:cer932594811frce8kog
2023-01-05 16:59:52 | DEBUG | /Users/adong/Dev/Golang/src/member-system-server/internal/app/fictitious_order/api/user.go:119| userAccountModel.GetUserInfoByAccount | {"ID":0,"Username":"ljd","Password":"ljd","Status":0,"CreateTime":"0001-01-01 00:00:00","UpdateTime":"0001-01-01 00:00:00","Nickname":"","DeleteFlag":0}|
2023-01-05 16:59:52 | DEBUG | /Users/adong/Dev/Golang/src/member-system-server/internal/app/fictitious_order/api/user.go:95| login | {"Username":"ljd","Password":"ljd","Status":0,"Nickname":"","Roles":null,"Introduction":"","Avatar":"","Id":0} | 登录失败，用户名或者密码错误|
2023-01-05 16:59:52 | INFO  | /Users/adong/Dev/Golang/pkg/mod/github.com/jackylee92/rgo@v1.0.11/core/rgmysql/rgmysqllog.go:35| INSERT INTO `user_log` (`user_id`,`type`,`content`,`action`,`create_time`,`update_time`,`status`,`delete_flag`,`remark`) VALUES (0,1,'{"Username":"ljd","Password":"ljd"}','LoginHandle','2023-01-05 16:59:52.835','2023-01-05 16:59:52.835',1,0,'登录失败，用户名或者密码错误') 影响:1 耗时:15.877264ms| UniqId:cer932594811frce8kog
2023-01-05 17:00:11 | INFO  | /Users/adong/Dev/Golang/src/member-system-server/internal/app/fictitious_order/api/user.go:56| isLogin | null| UniqId:cer936t94811frce8kp0
2023-01-05 17:00:11 | INFO  | /Users/adong/Dev/Golang/pkg/mod/github.com/jackylee92/rgo@v1.0.11/core/rgmysql/rgmysqllog.go:35| SELECT `id`,`status`,`nickname` FROM `user_account` WHERE username = 'ljd' AND password = '123ljd' AND delete_flag = 0 影响:1 耗时:12.919577ms| UniqId:cer936t94811frce8kp0
2023-01-05 17:00:11 | DEBUG | /Users/adong/Dev/Golang/src/member-system-server/internal/app/fictitious_order/api/user.go:119| userAccountModel.GetUserInfoByAccount | {"ID":1,"Username":"ljd","Password":"123","Status":1,"CreateTime":"0001-01-01 00:00:00","UpdateTime":"0001-01-01 00:00:00","Nickname":"kkk","DeleteFlag":0}|
2023-01-05 17:00:11 | DEBUG | /Users/adong/Dev/Golang/src/member-system-server/internal/app/fictitious_order/api/user.go:95| login | {"Username":"ljd","Password":"123","Status":0,"Nickname":"","Roles":null,"Introduction":"","Avatar":"","Id":1} | null|
2023-01-05 17:00:11 | INFO  | /Users/adong/Dev/Golang/pkg/mod/github.com/jackylee92/rgo@v1.0.11/core/rgmysql/rgmysqllog.go:35| INSERT INTO `user_log` (`user_id`,`type`,`content`,`action`,`create_time`,`update_time`,`status`,`delete_flag`,`remark`) VALUES (1,1,'{"Username":"ljd","Password":"123"}','LoginHandle','2023-01-05 17:00:11.639','2023-01-05 17:00:11.639',1,0,'用户登录，登录成功，ljd') 影响:1 耗时:14.078927ms| UniqId:cer936t94811frce8kp0
2023-01-05 17:00:19 | INFO  | /Users/adong/Dev/Golang/src/member-system-server/internal/app/fictitious_order/api/user.go:56| isLogin | null| UniqId:cer938t94811frce8kpg
2023-01-05 17:00:19 | INFO  | /Users/adong/Dev/Golang/pkg/mod/github.com/jackylee92/rgo@v1.0.11/core/rgmysql/rgmysqllog.go:35| SELECT `id`,`status`,`nickname` FROM `user_account` WHERE username = 'ljd' AND password = '123ljd' AND delete_flag = 0 影响:1 耗时:8.304809ms| UniqId:cer938t94811frce8kpg
2023-01-05 17:00:19 | DEBUG | /Users/adong/Dev/Golang/src/member-system-server/internal/app/fictitious_order/api/user.go:119| userAccountModel.GetUserInfoByAccount | {"ID":1,"Username":"ljd","Password":"123","Status":1,"CreateTime":"0001-01-01 00:00:00","UpdateTime":"0001-01-01 00:00:00","Nickname":"kkk","DeleteFlag":0}|
2023-01-05 17:00:19 | DEBUG | /Users/adong/Dev/Golang/src/member-system-server/internal/app/fictitious_order/api/user.go:95| login | {"Username":"ljd","Password":"123","Status":0,"Nickname":"","Roles":null,"Introduction":"","Avatar":"","Id":1} | null|
2023-01-05 17:00:19 | INFO  | /Users/adong/Dev/Golang/pkg/mod/github.com/jackylee92/rgo@v1.0.11/core/rgmysql/rgmysqllog.go:35| INSERT INTO `user_log` (`user_id`,`type`,`content`,`action`,`create_time`,`update_time`,`status`,`delete_flag`,`remark`) VALUES (1,1,'{"Username":"ljd","Password":"123"}','LoginHandle','2023-01-05 17:00:19.098','2023-01-05 17:00:19.098',1,0,'用户登录，登录成功，ljd') 影响:1 耗时:14.121232ms| UniqId:cer938t94811frce8kpg
2023-01-05 17:03:14 | INFO  | /Users/adong/Dev/Golang/src/member-system-server/internal/app/fictitious_order/api/user.go:57| isLogin | null| UniqId:cer94kl94811gfdn1ebg
2023-01-05 17:03:14 | INFO  | /Users/adong/Dev/Golang/pkg/mod/github.com/jackylee92/rgo@v1.0.11/core/rgmysql/rgmysqllog.go:35| SELECT `id`,`status`,`nickname` FROM `user_account` WHERE username = 'ljd' AND password = '123ljd' AND delete_flag = 0 影响:1 耗时:12.856362ms| UniqId:cer94kl94811gfdn1ebg
2023-01-05 17:03:14 | DEBUG | /Users/adong/Dev/Golang/src/member-system-server/internal/app/fictitious_order/api/user.go:120| userAccountModel.GetUserInfoByAccount | {"ID":1,"Username":"ljd","Password":"123","Status":1,"CreateTime":"0001-01-01 00:00:00","UpdateTime":"0001-01-01 00:00:00","Nickname":"kkk","DeleteFlag":0}|
2023-01-05 17:03:14 | DEBUG | /Users/adong/Dev/Golang/src/member-system-server/internal/app/fictitious_order/api/user.go:96| login | {"Username":"ljd","Password":"123","Status":0,"Nickname":"","Roles":null,"Introduction":"","Avatar":"","Id":1} | null|
2023-01-05 17:03:14 | INFO  | /Users/adong/Dev/Golang/pkg/mod/github.com/jackylee92/rgo@v1.0.11/core/rgmysql/rgmysqllog.go:35| INSERT INTO `user_log` (`user_id`,`type`,`content`,`action`,`create_time`,`update_time`,`status`,`delete_flag`,`remark`) VALUES (1,1,'{"Username":"ljd","Password":"123"}','LoginHandle','2023-01-05 17:03:14.057','2023-01-05 17:03:14.057',1,0,'用户登录，登录成功，ljd') 影响:1 耗时:16.55994ms| UniqId:cer94kl94811gfdn1ebg
2023-01-05 17:05:58 | INFO  | /Users/adong/Dev/Golang/src/member-system-server/internal/app/fictitious_order/api/user.go:57| isLogin | null| UniqId:cer95tl94811gfdn1ecg
2023-01-05 17:13:06 | INFO  | /Users/adong/Dev/Golang/src/member-system-server/internal/app/fictitious_order/api/user.go:56| isLogin | null| UniqId:cer998l94811hmthke90
2023-01-05 17:13:14 | INFO  | /Users/adong/Dev/Golang/src/member-system-server/internal/app/fictitious_order/api/user.go:56| isLogin | null| UniqId:cer99al94811hmthke9g
2023-01-05 17:13:14 | INFO  | /Users/adong/Dev/Golang/pkg/mod/github.com/jackylee92/rgo@v1.0.11/core/rgmysql/rgmysqllog.go:35| SELECT `id`,`status`,`nickname` FROM `user_account` WHERE username = 'ljd' AND password = '123ljd' AND delete_flag = 0 影响:1 耗时:11.627612ms| UniqId:cer99al94811hmthke9g
2023-01-05 17:13:14 | DEBUG | /Users/adong/Dev/Golang/src/member-system-server/internal/app/fictitious_order/api/user.go:119| userAccountModel.GetUserInfoByAccount | {"ID":1,"Username":"ljd","Password":"123","Status":1,"CreateTime":"0001-01-01 00:00:00","UpdateTime":"0001-01-01 00:00:00","Nickname":"kkk","DeleteFlag":0}|
2023-01-05 17:13:14 | DEBUG | /Users/adong/Dev/Golang/src/member-system-server/internal/app/fictitious_order/api/user.go:95| login | {"Username":"ljd","Password":"123","Status":0,"Nickname":"","Roles":null,"Introduction":"","Avatar":"","Id":1} | null|
2023-01-05 17:13:14 | INFO  | /Users/adong/Dev/Golang/pkg/mod/github.com/jackylee92/rgo@v1.0.11/core/rgmysql/rgmysqllog.go:35| INSERT INTO `user_log` (`user_id`,`type`,`content`,`action`,`create_time`,`update_time`,`status`,`delete_flag`,`remark`) VALUES (1,1,'{"Username":"ljd","Password":"123"}','LoginHandle','2023-01-05 17:13:14.636','2023-01-05 17:13:14.636',1,0,'用户登录，登录成功，ljd') 影响:1 耗时:17.694967ms| UniqId:cer99al94811hmthke9g
2023-01-05 17:13:22 | INFO  | /Users/adong/Dev/Golang/src/member-system-server/internal/app/fictitious_order/api/user.go:56| isLogin | null| UniqId:cer99cl94811hmthkea0
2023-01-05 17:27:07 | INFO  | /Users/adong/Dev/Golang/src/member-system-server/internal/app/fictitious_order/api/user.go:56| isLogin | null| UniqId:cer9fqt94811ivm1smb0
2023-01-05 17:30:28 | INFO  | /Users/adong/Dev/Golang/src/member-system-server/internal/app/fictitious_order/api/user.go:56| isLogin | null| UniqId:cer9hd594811jjblc92g
2023-01-05 17:31:14 | INFO  | /Users/adong/Dev/Golang/src/member-system-server/pkg/jwt/jwt.go:75| Token解析 | {"Login":true,"UserId":1,"Username":"ljd","exp":1672912994,"iss":"ljd"}| UniqId:cer9hol94811jrnvpj1g
2023-01-05 17:31:14 | INFO  | /Users/adong/Dev/Golang/src/member-system-server/internal/app/fictitious_order/api/user.go:56| isLogin | null| UniqId:cer9hol94811jrnvpj1g
2023-01-05 17:33:02 | INFO  | /Users/adong/Dev/Golang/src/member-system-server/pkg/jwt/jwt.go:75| Token解析 | {"Login":true,"UserId":1,"Username":"ljd","exp":1672912994,"iss":"ljd"}| UniqId:cer9ijl94811k6q0krfg
2023-01-05 17:34:27 | INFO  | /Users/adong/Dev/Golang/src/member-system-server/internal/app/fictitious_order/api/user.go:57| isLogin | null| UniqId:cer9j8t94811kgl3nggg
2023-01-05 17:34:27 | INFO  | /Users/adong/Dev/Golang/pkg/mod/github.com/jackylee92/rgo@v1.0.11/core/rgmysql/rgmysqllog.go:35| SELECT `id`,`status`,`nickname` FROM `user_account` WHERE username = 'ljd' AND password = '123ljd' AND delete_flag = 0 影响:1 耗时:8.188578ms| UniqId:cer9j8t94811kgl3nggg
2023-01-05 17:34:27 | DEBUG | /Users/adong/Dev/Golang/src/member-system-server/internal/app/fictitious_order/api/user.go:120| userAccountModel.GetUserInfoByAccount | {"ID":1,"Username":"ljd","Password":"123","Status":1,"CreateTime":"0001-01-01 00:00:00","UpdateTime":"0001-01-01 00:00:00","Nickname":"kkk","DeleteFlag":0}|
2023-01-05 17:34:27 | DEBUG | /Users/adong/Dev/Golang/src/member-system-server/internal/app/fictitious_order/api/user.go:96| login | {"Username":"ljd","Password":"123","Status":0,"Nickname":"","Roles":null,"Introduction":"","Avatar":"","Id":1} | null|
2023-01-05 17:34:27 | INFO  | /Users/adong/Dev/Golang/pkg/mod/github.com/jackylee92/rgo@v1.0.11/core/rgmysql/rgmysqllog.go:35| INSERT INTO `user_log` (`user_id`,`type`,`content`,`action`,`create_time`,`update_time`,`status`,`delete_flag`,`remark`) VALUES (1,1,'{"Username":"ljd","Password":"123"}','LoginHandle','2023-01-05 17:34:27.951','2023-01-05 17:34:27.951',1,0,'用户登录，登录成功，ljd') 影响:1 耗时:14.134129ms| UniqId:cer9j8t94811kgl3nggg
2023-01-05 17:34:36 | INFO  | /Users/adong/Dev/Golang/src/member-system-server/pkg/jwt/jwt.go:75| Token解析 | {"Login":true,"UserId":"1","Username":"ljd","exp":1672914267,"iss":"ljd"}| UniqId:cer9jb594811kgl3ngh0
2023-01-05 17:34:36 | INFO  | /Users/adong/Dev/Golang/src/member-system-server/internal/app/fictitious_order/api/user.go:57| isLogin | null| UniqId:cer9jb594811kgl3ngh0
2023-01-05 17:41:33 | INFO  | /Users/adong/Dev/Golang/src/member-system-server/pkg/jwt/jwt.go:75| Token解析 | {"Login":true,"UserId":"1","Username":"ljd","exp":1672914267,"iss":"ljd"}| UniqId:cer9mjd94811l4o7qk2g
2023-01-05 17:43:33 | INFO  | /Users/adong/Dev/Golang/src/member-system-server/pkg/jwt/jwt.go:75| Token解析 | {"Login":true,"UserId":"1","Username":"ljd","exp":1672914267,"iss":"ljd"}| UniqId:cer9nhd94811lfgucj8g
2023-01-05 17:45:20 | INFO  | /Users/adong/Dev/Golang/pkg/mod/github.com/jackylee92/rgo@v1.0.11/core/rgmysql/rgmysqllog.go:35| SELECT `id`,`status`,`nickname` FROM `user_account` WHERE username = 'ljd' AND password = '123ljd' AND delete_flag = 0 影响:1 耗时:9.169812ms| UniqId:cer9oc594811lpcm59u0
2023-01-05 17:45:20 | DEBUG | /Users/adong/Dev/Golang/src/member-system-server/internal/app/fictitious_order/api/user.go:113| userAccountModel.GetUserInfoByAccount | {"ID":1,"Username":"ljd","Password":"123","Status":1,"CreateTime":"0001-01-01 00:00:00","UpdateTime":"0001-01-01 00:00:00","Nickname":"kkk","DeleteFlag":0}|
2023-01-05 17:45:20 | DEBUG | /Users/adong/Dev/Golang/src/member-system-server/internal/app/fictitious_order/api/user.go:89| login | {"Username":"ljd","Password":"123","Status":0,"Nickname":"","Roles":null,"Introduction":"","Avatar":"","Id":1} | null|
2023-01-05 17:45:20 | INFO  | /Users/adong/Dev/Golang/pkg/mod/github.com/jackylee92/rgo@v1.0.11/core/rgmysql/rgmysqllog.go:35| INSERT INTO `user_log` (`user_id`,`type`,`content`,`action`,`create_time`,`update_time`,`status`,`delete_flag`,`remark`) VALUES (1,1,'{"Username":"ljd","Password":"123"}','LoginHandle','2023-01-05 17:45:20.121','2023-01-05 17:45:20.121',1,0,'用户登录，登录成功，ljd') 影响:1 耗时:14.751362ms| UniqId:cer9oc594811lpcm59u0
2023-01-05 17:45:30 | INFO  | /Users/adong/Dev/Golang/src/member-system-server/pkg/jwt/jwt.go:75| Token解析 | {"Login":true,"UserId":"1","Username":"ljd","exp":1672911950,"iss":"ljd"}| UniqId:cer9oel94811lpcm59ug
2023-01-05 17:45:46 | INFO  | /Users/adong/Dev/Golang/src/member-system-server/pkg/jwt/jwt.go:75| Token解析 | {"Login":true,"UserId":"1","Username":"ljd","exp":1672911950,"iss":"ljd"}| UniqId:cer9oil94811lpcm59v0
2023-01-05 17:53:53 | INFO  | /Users/adong/Dev/Golang/pkg/mod/github.com/jackylee92/rgo@v1.0.11/core/rgmysql/rgmysqllog.go:35| SELECT `id`,`status`,`nickname` FROM `user_account` WHERE username = 'ljd' AND password = '123ljd' AND delete_flag = 0 影响:1 耗时:11.11831ms| UniqId:cer9scd94811n2upvm40
2023-01-05 17:53:53 | DEBUG | /Users/adong/Dev/Golang/src/member-system-server/internal/app/fictitious_order/api/user.go:114| userAccountModel.GetUserInfoByAccount | {"ID":1,"Username":"ljd","Password":"123","Status":1,"CreateTime":"0001-01-01 00:00:00","UpdateTime":"0001-01-01 00:00:00","Nickname":"kkk","DeleteFlag":0}|
2023-01-05 17:53:53 | DEBUG | /Users/adong/Dev/Golang/src/member-system-server/internal/app/fictitious_order/api/user.go:90| login | {"Username":"ljd","Password":"123","Status":0,"Nickname":"","Roles":null,"Introduction":"","Avatar":"","Id":1} | null|
2023-01-05 17:53:53 | INFO  | /Users/adong/Dev/Golang/pkg/mod/github.com/jackylee92/rgo@v1.0.11/core/rgmysql/rgmysqllog.go:35| INSERT INTO `user_log` (`user_id`,`type`,`content`,`action`,`create_time`,`update_time`,`status`,`delete_flag`,`remark`) VALUES (1,1,'{"Username":"ljd","Password":"123"}','LoginHandle','2023-01-05 17:53:53.408','2023-01-05 17:53:53.408',1,0,'用户登录，登录成功，ljd') 影响:1 耗时:16.165836ms| UniqId:cer9scd94811n2upvm40
2023-01-05 17:54:02 | INFO  | /Users/adong/Dev/Golang/src/member-system-server/pkg/jwt/jwt.go:75| Token解析 | {"Login":true,"UserId":"1","Username":"ljd","exp":1672912463,"iss":"ljd"}| UniqId:cer9sel94811n2upvm4g
2023-01-05 17:54:14 | INFO  | /Users/adong/Dev/Golang/pkg/mod/github.com/jackylee92/rgo@v1.0.11/core/rgmysql/rgmysqllog.go:35| SELECT `id`,`status`,`nickname` FROM `user_account` WHERE username = 'ljd' AND password = '123ljd' AND delete_flag = 0 影响:1 耗时:8.198711ms| UniqId:cer9shl94811nagvei80
2023-01-05 17:54:14 | DEBUG | /Users/adong/Dev/Golang/src/member-system-server/internal/app/fictitious_order/api/user.go:114| userAccountModel.GetUserInfoByAccount | {"ID":1,"Username":"ljd","Password":"123","Status":1,"CreateTime":"0001-01-01 00:00:00","UpdateTime":"0001-01-01 00:00:00","Nickname":"kkk","DeleteFlag":0}|
2023-01-05 17:54:14 | DEBUG | /Users/adong/Dev/Golang/src/member-system-server/internal/app/fictitious_order/api/user.go:90| login | {"Username":"ljd","Password":"123","Status":0,"Nickname":"","Roles":null,"Introduction":"","Avatar":"","Id":1} | null|
2023-01-05 17:54:14 | INFO  | /Users/adong/Dev/Golang/pkg/mod/github.com/jackylee92/rgo@v1.0.11/core/rgmysql/rgmysqllog.go:35| INSERT INTO `user_log` (`user_id`,`type`,`content`,`action`,`create_time`,`update_time`,`status`,`delete_flag`,`remark`) VALUES (1,1,'{"Username":"ljd","Password":"123"}','LoginHandle','2023-01-05 17:54:14.832','2023-01-05 17:54:14.832',1,0,'用户登录，登录成功，ljd') 影响:1 耗时:15.384869ms| UniqId:cer9shl94811nagvei80
2023-01-05 17:54:23 | INFO  | /Users/adong/Dev/Golang/src/member-system-server/pkg/jwt/jwt.go:75| Token解析 | {"Login":true,"UserId":"1","Username":"ljd","exp":1672912484,"iss":"ljd"}| UniqId:cer9sjt94811nagvei8g
2023-01-05 17:56:36 | INFO  | /Users/adong/Dev/Golang/pkg/mod/github.com/jackylee92/rgo@v1.0.11/core/rgmysql/rgmysqllog.go:35| SELECT `id`,`status`,`nickname` FROM `user_account` WHERE username = 'ljd' AND password = '123ljd' AND delete_flag = 0 影响:1 耗时:11.404964ms| UniqId:cer9tl594811nno4v480
2023-01-05 17:56:36 | DEBUG | /Users/adong/Dev/Golang/src/member-system-server/internal/app/fictitious_order/api/user.go:114| userAccountModel.GetUserInfoByAccount | {"ID":1,"Username":"ljd","Password":"123","Status":1,"CreateTime":"0001-01-01 00:00:00","UpdateTime":"0001-01-01 00:00:00","Nickname":"kkk","DeleteFlag":0}|
2023-01-05 17:56:36 | DEBUG | /Users/adong/Dev/Golang/src/member-system-server/internal/app/fictitious_order/api/user.go:90| login | {"Username":"ljd","Password":"123","Status":0,"Nickname":"","Roles":null,"Introduction":"","Avatar":"","Id":1} | null|
2023-01-05 17:56:36 | INFO  | /Users/adong/Dev/Golang/pkg/mod/github.com/jackylee92/rgo@v1.0.11/core/rgmysql/rgmysqllog.go:35| INSERT INTO `user_log` (`user_id`,`type`,`content`,`action`,`create_time`,`update_time`,`status`,`delete_flag`,`remark`) VALUES (1,1,'{"Username":"ljd","Password":"123"}','LoginHandle','2023-01-05 17:56:36.279','2023-01-05 17:56:36.279',1,0,'用户登录，登录成功，ljd') 影响:1 耗时:21.922297ms| UniqId:cer9tl594811nno4v480
2023-01-05 17:56:44 | INFO  | /Users/adong/Dev/Golang/src/member-system-server/pkg/jwt/jwt.go:75| Token解析 | {"Login":true,"UserId":"1","Username":"ljd","exp":1672912626,"iss":"member-system-server"}| UniqId:cer9tn594811nno4v48g
2023-01-05 19:37:05 | INFO  | /Users/adong/Dev/Golang/pkg/mod/github.com/jackylee92/rgo@v1.0.11/core/rgmysql/rgmysqllog.go:35| SELECT `id`,`status`,`nickname` FROM `user_account` WHERE username = 'ljd' AND password = '123ljd' AND delete_flag = 0 影响:1 耗时:7.597167ms| UniqId:cerbcod948129j9slki0
2023-01-05 19:37:05 | DEBUG | /Users/adong/Dev/Golang/src/member-system-server/internal/app/fictitious_order/api/user.go:113| userAccountModel.GetUserInfoByAccount | {"ID":1,"Username":"ljd","Password":"123","Status":1,"CreateTime":"0001-01-01 00:00:00","UpdateTime":"0001-01-01 00:00:00","Nickname":"kkk","DeleteFlag":0}|
2023-01-05 19:37:05 | DEBUG | /Users/adong/Dev/Golang/src/member-system-server/internal/app/fictitious_order/api/user.go:89| login | {"Username":"ljd","Password":"123","Status":0,"Nickname":"","Roles":null,"Introduction":"","Avatar":"","Id":1} | null|
2023-01-05 19:37:05 | INFO  | /Users/adong/Dev/Golang/pkg/mod/github.com/jackylee92/rgo@v1.0.11/core/rgmysql/rgmysqllog.go:35| INSERT INTO `user_log` (`user_id`,`type`,`content`,`action`,`create_time`,`update_time`,`status`,`delete_flag`,`remark`) VALUES (1,1,'{"Username":"ljd","Password":"123"}','LoginHandle','2023-01-05 19:37:05.886','2023-01-05 19:37:05.886',1,0,'用户登录，登录成功，ljd') 影响:1 耗时:20.931944ms| UniqId:cerbcod948129j9slki0
2023-01-05 20:05:03 | INFO  | /Users/adong/Dev/Golang/pkg/mod/github.com/jackylee92/rgo@v1.0.11/core/rgmysql/rgmysqllog.go:35| SELECT `id`,`status`,`nickname` FROM `user_account` WHERE username = 'ljd' AND password = '123ljd' AND delete_flag = 0 影响:1 耗时:13.700197ms| UniqId:cerbprt94812cj860ll0
2023-01-05 20:05:03 | DEBUG | /Users/adong/Dev/Golang/src/member-system-server/internal/app/fictitious_order/api/user.go:114| userAccountModel.GetUserInfoByAccount | {"ID":1,"Username":"ljd","Password":"123","Status":1,"CreateTime":"0001-01-01 00:00:00","UpdateTime":"0001-01-01 00:00:00","Nickname":"kkk","DeleteFlag":0}|
2023-01-05 20:05:03 | DEBUG | /Users/adong/Dev/Golang/src/member-system-server/internal/app/fictitious_order/api/user.go:90| login | {"Username":"ljd","Password":"123","Status":0,"Nickname":"","Roles":null,"Introduction":"","Avatar":"","Id":1} | null|
2023-01-05 20:05:03 | INFO  | /Users/adong/Dev/Golang/pkg/mod/github.com/jackylee92/rgo@v1.0.11/core/rgmysql/rgmysqllog.go:35| INSERT INTO `user_log` (`user_id`,`type`,`content`,`action`,`create_time`,`update_time`,`status`,`delete_flag`,`remark`) VALUES (1,1,'{"Username":"ljd","Password":"123"}','LoginHandle','2023-01-05 20:05:03.774','2023-01-05 20:05:03.774',1,0,'用户登录，登录成功，ljd') 影响:1 耗时:16.539024ms| UniqId:cerbprt94812cj860ll0
2023-01-05 20:05:11 | INFO  | /Users/adong/Dev/Golang/src/member-system-server/pkg/jwt/jwt.go:75| Token解析 | {"Login":true,"UserId":"1","Username":"ljd","exp":1672923303,"iss":"member-system-server"}| UniqId:cerbptt94812cj860llg
2023-01-05 20:05:43 | INFO  | /Users/adong/Dev/Golang/src/member-system-server/pkg/jwt/jwt.go:75| Token解析 | {"Login":true,"UserId":"1","Username":"ljd","exp":1672923303,"iss":"member-system-server"}| UniqId:cerbq5t94812cj860lm0
2023-01-05 20:07:11 | INFO  | /Users/adong/Dev/Golang/src/member-system-server/pkg/jwt/jwt.go:75| Token解析 | {"Login":true,"UserId":"1","Username":"ljd","exp":1672923303,"iss":"member-system-server"}| UniqId:cerbqrt94812cvqh284g
2023-01-05 20:07:56 | INFO  | /Users/adong/Dev/Golang/src/member-system-server/pkg/jwt/jwt.go:75| Token解析 | {"Login":true,"UserId":"1","Username":"ljd","exp":1672923303,"iss":"member-system-server"}| UniqId:cerbr7594812d91ld91g
2023-01-05 20:08:39 | INFO  | /Users/adong/Dev/Golang/src/member-system-server/pkg/jwt/jwt.go:75| Token解析 | {"Login":true,"UserId":"1","Username":"ljd","exp":1672923303,"iss":"member-system-server"}| UniqId:cerbrht94812di84rb20
2023-01-05 20:09:05 | INFO  | /Users/adong/Dev/Golang/src/member-system-server/pkg/jwt/jwt.go:75| Token解析 | {"Login":true,"UserId":"1","Username":"ljd","exp":1672923303,"iss":"member-system-server"}| UniqId:cerbrod94812dr80kdc0
2023-01-05 20:17:34 | INFO  | /Users/adong/Dev/Golang/src/member-system-server/pkg/jwt/jwt.go:75| Token解析 | {"Login":true,"UserId":"1","Username":"ljd","exp":1672923303,"iss":"member-system-server"}| UniqId:cerbvnl94812elnnn500
2023-01-05 20:17:34 | INFO  | /Users/adong/Dev/Golang/pkg/mod/github.com/jackylee92/rgo@v1.0.11/core/rgmysql/rgmysqllog.go:35| SELECT * FROM `user_account` WHERE id = 1 AND delete_flag = 0 影响:1 耗时:10.041923ms| UniqId:cerbvnl94812elnnn500
2023-01-05 20:32:18 | INFO  | /Users/adong/Dev/Golang/src/member-system-server/pkg/jwt/jwt.go:75| Token解析 | {"Login":true,"UserId":"1","Username":"ljd","exp":1672923303,"iss":"member-system-server"}| UniqId:cerc6kl94812g5fdqdpg
2023-01-05 20:32:18 | INFO  | /Users/adong/Dev/Golang/pkg/mod/github.com/jackylee92/rgo@v1.0.11/core/rgmysql/rgmysqllog.go:35| SELECT * FROM `user_account` WHERE id = 1 AND delete_flag = 0 影响:1 耗时:9.875519ms| UniqId:cerc6kl94812g5fdqdpg
2023-01-05 20:38:56 | INFO  | /Users/adong/Dev/Golang/src/member-system-server/pkg/jwt/jwt.go:75| Token解析 | {"Login":true,"UserId":"1","Username":"ljd","exp":1672923303,"iss":"member-system-server"}| UniqId:cerc9o594812gnrumk70
2023-01-05 20:38:56 | INFO  | /Users/adong/Dev/Golang/pkg/mod/github.com/jackylee92/rgo@v1.0.11/core/rgmysql/rgmysqllog.go:35| SELECT `id`,`username`,`nickname` FROM `user_account` WHERE id = 1 AND delete_flag = 0 影响:1 耗时:8.45655ms| UniqId:cerc9o594812gnrumk70
