2023-01-05 16:58:56 | SYSTEMINFO| /Users/adong/Dev/Golang/pkg/mod/github.com/jackylee92/rgo@v1.0.11/core/rgmysql/rgmysql.go:113| å¯åŠ¨é¡¹ã€mysqlã€‘ | ã€defaultã€‘ | :æˆåŠŸ|
2023-01-05 16:58:56 | SYSTEMINFO| /Users/adong/Dev/Golang/pkg/mod/github.com/jackylee92/rgo@v1.0.11/init.go:53| å¯åŠ¨é¡¹ã€rgo-initã€‘:æˆåŠŸ|
2023-01-05 16:58:56 | SYSTEMINFO| /Users/adong/Dev/Golang/pkg/mod/github.com/jackylee92/rgo@v1.0.11/core/rgrouter/rgrouter.go:32| å¯åŠ¨é¡¹ã€debugã€‘:æˆåŠŸ|
2023-01-05 16:58:56 | SYSTEMINFO| /Users/adong/Dev/Golang/pkg/mod/github.com/jackylee92/rgo@v1.0.11/core/rgpprof/rgpprof.go:25| å¯åŠ¨é¡¹ã€pprofã€‘:æˆåŠŸ|
2023-01-05 16:58:56 | SYSTEMINFO| /Users/adong/Dev/Golang/pkg/mod/github.com/jackylee92/rgo@v1.0.11/core/rgrouter/rgrouter.go:58| å¯åŠ¨é¡¹ã€portã€‘:8010|
2023-01-05 17:03:01 | SYSTEMINFO| /Users/adong/Dev/Golang/pkg/mod/github.com/jackylee92/rgo@v1.0.11/core/rgdestroy/rgdestroy.go:18| æ”¶åˆ°ä¿¡å·ï¼Œè¿›ç¨‹è¢«ç»“æŸ | ä¿¡å·å€¼:interrupt|
2023-01-05 17:03:04 | SYSTEMINFO| /Users/adong/Dev/Golang/pkg/mod/github.com/jackylee92/rgo@v1.0.11/core/rgmysql/rgmysql.go:113| å¯åŠ¨é¡¹ã€mysqlã€‘ | ã€defaultã€‘ | :æˆåŠŸ|
2023-01-05 17:03:04 | SYSTEMINFO| /Users/adong/Dev/Golang/pkg/mod/github.com/jackylee92/rgo@v1.0.11/init.go:53| å¯åŠ¨é¡¹ã€rgo-initã€‘:æˆåŠŸ|
2023-01-05 17:03:04 | SYSTEMINFO| /Users/adong/Dev/Golang/pkg/mod/github.com/jackylee92/rgo@v1.0.11/core/rgrouter/rgrouter.go:32| å¯åŠ¨é¡¹ã€debugã€‘:æˆåŠŸ|
2023-01-05 17:03:04 | SYSTEMINFO| /Users/adong/Dev/Golang/pkg/mod/github.com/jackylee92/rgo@v1.0.11/core/rgpprof/rgpprof.go:25| å¯åŠ¨é¡¹ã€pprofã€‘:æˆåŠŸ|
2023-01-05 17:03:04 | SYSTEMINFO| /Users/adong/Dev/Golang/pkg/mod/github.com/jackylee92/rgo@v1.0.11/core/rgrouter/rgrouter.go:58| å¯åŠ¨é¡¹ã€portã€‘:8010|
2023-01-05 17:06:28 | SYSTEMINFO| /Users/adong/Dev/Golang/pkg/mod/github.com/jackylee92/rgo@v1.0.11/core/rgdestroy/rgdestroy.go:18| æ”¶åˆ°ä¿¡å·ï¼Œè¿›ç¨‹è¢«ç»“æŸ | ä¿¡å·å€¼:interrupt|
2023-01-05 17:06:31 | SYSTEMINFO| /Users/adong/Dev/Golang/pkg/mod/github.com/jackylee92/rgo@v1.0.11/core/rgmysql/rgmysql.go:113| å¯åŠ¨é¡¹ã€mysqlã€‘ | ã€defaultã€‘ | :æˆåŠŸ|
2023-01-05 17:06:31 | SYSTEMINFO| /Users/adong/Dev/Golang/pkg/mod/github.com/jackylee92/rgo@v1.0.11/init.go:53| å¯åŠ¨é¡¹ã€rgo-initã€‘:æˆåŠŸ|
2023-01-05 17:06:31 | SYSTEMINFO| /Users/adong/Dev/Golang/pkg/mod/github.com/jackylee92/rgo@v1.0.11/core/rgrouter/rgrouter.go:32| å¯åŠ¨é¡¹ã€debugã€‘:æˆåŠŸ|
2023-01-05 17:06:31 | SYSTEMINFO| /Users/adong/Dev/Golang/pkg/mod/github.com/jackylee92/rgo@v1.0.11/core/rgpprof/rgpprof.go:25| å¯åŠ¨é¡¹ã€pprofã€‘:æˆåŠŸ|
2023-01-05 17:06:31 | SYSTEMINFO| /Users/adong/Dev/Golang/pkg/mod/github.com/jackylee92/rgo@v1.0.11/core/rgrouter/rgrouter.go:58| å¯åŠ¨é¡¹ã€portã€‘:8010|
2023-01-05 17:06:34 | SYSTEMERROR| /Users/adong/Dev/Golang/pkg/mod/github.com/jackylee92/rgo@v1.0.11/core/rgmiddleware/recovery/recovery.go:28| ç¨‹åºå¼‚å¸¸panic|err:

[31m2023/01/05 17:06:34 [Recovery] 2023/01/05 - 17:06:34 panic recovered:
interface conversion: interface {} is nil, not string
/usr/local/go/src/runtime/iface.go:262 (0x100c209)
	panicdottypeE: panic(&TypeAssertionError{iface, have, want, ""})
/Users/adong/Dev/Golang/src/member-system-server/internal/app/fictitious_order/middleware/authentication/authentication.go:25 (0x175c973)
	CheckLogin: data, err := jwt.ParseToken(this, token.(string))
/Users/adong/Dev/Golang/pkg/mod/github.com/gin-gonic/gin@v1.8.1/context.go:173 (0x175c76c)
	(*Context).Next: c.handlers[c.index](c)
/Users/adong/Dev/Golang/src/member-system-server/internal/app/fictitious_order/middleware/app_lock/app_lock.go:19 (0x175c759)
	AppLockCheck: c.Next()
/Users/adong/Dev/Golang/pkg/mod/github.com/gin-gonic/gin@v1.8.1/context.go:173 (0x174ca19)
	(*Context).Next: c.handlers[c.index](c)
/Users/adong/Dev/Golang/pkg/mod/github.com/gin-contrib/sessions@v0.0.5/sessions.go:54 (0x174ca05)
	Sessions.func1: c.Next()
/Users/adong/Dev/Golang/pkg/mod/github.com/gin-gonic/gin@v1.8.1/context.go:173 (0x1717c9e)
	(*Context).Next: c.handlers[c.index](c)
/Users/adong/Dev/Golang/pkg/mod/github.com/jackylee92/rgo@v1.0.11/core/rgmiddleware/container/container.go:20 (0x1717c85)
	Handle.func1: c.Next()
/Users/adong/Dev/Golang/pkg/mod/github.com/gin-gonic/gin@v1.8.1/context.go:173 (0x1502941)
	(*Context).Next: c.handlers[c.index](c)
/Users/adong/Dev/Golang/pkg/mod/github.com/gin-gonic/gin@v1.8.1/recovery.go:101 (0x150292c)
	CustomRecoveryWithWriter.func1: c.Next()
/Users/adong/Dev/Golang/pkg/mod/github.com/gin-gonic/gin@v1.8.1/context.go:173 (0x1719c36)
	(*Context).Next: c.handlers[c.index](c)
/Users/adong/Dev/Golang/pkg/mod/github.com/jackylee92/rgo@v1.0.11/core/rgmiddleware/requestlog/requestlog.go:51 (0x1719c22)
	Handle.func1: c.Next()
/Users/adong/Dev/Golang/pkg/mod/github.com/gin-gonic/gin@v1.8.1/context.go:173 (0x171889e)
	(*Context).Next: c.handlers[c.index](c)
/Users/adong/Dev/Golang/pkg/mod/github.com/jackylee92/rgo@v1.0.11/core/rgmiddleware/jeager/jeager.go:81 (0x1717fc8)
	Handle.func1: c.Next()
/Users/adong/Dev/Golang/pkg/mod/github.com/gin-gonic/gin@v1.8.1/context.go:173 (0x1717e4a)
	(*Context).Next: c.handlers[c.index](c)
/Users/adong/Dev/Golang/pkg/mod/github.com/jackylee92/rgo@v1.0.11/core/rgmiddleware/crossdomain/crossdomain.go:23 (0x1717e31)
	Handle.func1: c.Next()
/Users/adong/Dev/Golang/pkg/mod/github.com/gin-gonic/gin@v1.8.1/context.go:173 (0x15017b0)
	(*Context).Next: c.handlers[c.index](c)
/Users/adong/Dev/Golang/pkg/mod/github.com/gin-gonic/gin@v1.8.1/gin.go:616 (0x1501418)
	(*Engine).handleHTTPRequest: c.Next()
/Users/adong/Dev/Golang/pkg/mod/github.com/gin-gonic/gin@v1.8.1/gin.go:572 (0x1500f5c)
	(*Engine).ServeHTTP: engine.handleHTTPRequest(c)
/usr/local/go/src/net/http/server.go:2947 (0x12e1d8b)
	serverHandler.ServeHTTP: handler.ServeHTTP(rw, req)
/usr/local/go/src/net/http/server.go:1991 (0x12dcfa6)
	(*conn).serve: serverHandler{c.server}.ServeHTTP(w, w.req)
/usr/local/go/src/runtime/asm_amd64.s:1594 (0x106cd20)
	goexit: BYTE	$0x90	// NOP
[0m
|
2023-01-05 17:11:08 | SYSTEMINFO| /Users/adong/Dev/Golang/pkg/mod/github.com/jackylee92/rgo@v1.0.11/core/rgdestroy/rgdestroy.go:18| æ”¶åˆ°ä¿¡å·ï¼Œè¿›ç¨‹è¢«ç»“æŸ | ä¿¡å·å€¼:interrupt|
2023-01-05 17:11:11 | SYSTEMINFO| /Users/adong/Dev/Golang/pkg/mod/github.com/jackylee92/rgo@v1.0.11/core/rgmysql/rgmysql.go:113| å¯åŠ¨é¡¹ã€mysqlã€‘ | ã€defaultã€‘ | :æˆåŠŸ|
2023-01-05 17:11:11 | SYSTEMINFO| /Users/adong/Dev/Golang/pkg/mod/github.com/jackylee92/rgo@v1.0.11/init.go:53| å¯åŠ¨é¡¹ã€rgo-initã€‘:æˆåŠŸ|
2023-01-05 17:11:11 | SYSTEMINFO| /Users/adong/Dev/Golang/pkg/mod/github.com/jackylee92/rgo@v1.0.11/core/rgrouter/rgrouter.go:32| å¯åŠ¨é¡¹ã€debugã€‘:æˆåŠŸ|
2023-01-05 17:11:11 | SYSTEMINFO| /Users/adong/Dev/Golang/pkg/mod/github.com/jackylee92/rgo@v1.0.11/core/rgpprof/rgpprof.go:25| å¯åŠ¨é¡¹ã€pprofã€‘:æˆåŠŸ|
2023-01-05 17:11:11 | SYSTEMINFO| /Users/adong/Dev/Golang/pkg/mod/github.com/jackylee92/rgo@v1.0.11/core/rgrouter/rgrouter.go:58| å¯åŠ¨é¡¹ã€portã€‘:8010|
2023-01-05 17:11:15 | SYSTEMERROR| /Users/adong/Dev/Golang/pkg/mod/github.com/jackylee92/rgo@v1.0.11/core/rgmiddleware/recovery/recovery.go:28| ç¨‹åºå¼‚å¸¸panic|err:

[31m2023/01/05 17:11:15 [Recovery] 2023/01/05 - 17:11:15 panic recovered:
interface conversion: interface {} is nil, not string
/usr/local/go/src/runtime/iface.go:262 (0x100c209)
	panicdottypeE: panic(&TypeAssertionError{iface, have, want, ""})
/Users/adong/Dev/Golang/src/member-system-server/internal/app/fictitious_order/middleware/authentication/authentication.go:26 (0x175c9dc)
	CheckLogin: data, err := jwt.ParseToken(this, token.(string))
/Users/adong/Dev/Golang/pkg/mod/github.com/gin-gonic/gin@v1.8.1/context.go:173 (0x175c76c)
	(*Context).Next: c.handlers[c.index](c)
/Users/adong/Dev/Golang/src/member-system-server/internal/app/fictitious_order/middleware/app_lock/app_lock.go:19 (0x175c759)
	AppLockCheck: c.Next()
/Users/adong/Dev/Golang/pkg/mod/github.com/gin-gonic/gin@v1.8.1/context.go:173 (0x174ca19)
	(*Context).Next: c.handlers[c.index](c)
/Users/adong/Dev/Golang/pkg/mod/github.com/gin-contrib/sessions@v0.0.5/sessions.go:54 (0x174ca05)
	Sessions.func1: c.Next()
/Users/adong/Dev/Golang/pkg/mod/github.com/gin-gonic/gin@v1.8.1/context.go:173 (0x1717c9e)
	(*Context).Next: c.handlers[c.index](c)
/Users/adong/Dev/Golang/pkg/mod/github.com/jackylee92/rgo@v1.0.11/core/rgmiddleware/container/container.go:20 (0x1717c85)
	Handle.func1: c.Next()
/Users/adong/Dev/Golang/pkg/mod/github.com/gin-gonic/gin@v1.8.1/context.go:173 (0x1502941)
	(*Context).Next: c.handlers[c.index](c)
/Users/adong/Dev/Golang/pkg/mod/github.com/gin-gonic/gin@v1.8.1/recovery.go:101 (0x150292c)
	CustomRecoveryWithWriter.func1: c.Next()
/Users/adong/Dev/Golang/pkg/mod/github.com/gin-gonic/gin@v1.8.1/context.go:173 (0x1719c36)
	(*Context).Next: c.handlers[c.index](c)
/Users/adong/Dev/Golang/pkg/mod/github.com/jackylee92/rgo@v1.0.11/core/rgmiddleware/requestlog/requestlog.go:51 (0x1719c22)
	Handle.func1: c.Next()
/Users/adong/Dev/Golang/pkg/mod/github.com/gin-gonic/gin@v1.8.1/context.go:173 (0x171889e)
	(*Context).Next: c.handlers[c.index](c)
/Users/adong/Dev/Golang/pkg/mod/github.com/jackylee92/rgo@v1.0.11/core/rgmiddleware/jeager/jeager.go:81 (0x1717fc8)
	Handle.func1: c.Next()
/Users/adong/Dev/Golang/pkg/mod/github.com/gin-gonic/gin@v1.8.1/context.go:173 (0x1717e4a)
	(*Context).Next: c.handlers[c.index](c)
/Users/adong/Dev/Golang/pkg/mod/github.com/jackylee92/rgo@v1.0.11/core/rgmiddleware/crossdomain/crossdomain.go:23 (0x1717e31)
	Handle.func1: c.Next()
/Users/adong/Dev/Golang/pkg/mod/github.com/gin-gonic/gin@v1.8.1/context.go:173 (0x15017b0)
	(*Context).Next: c.handlers[c.index](c)
/Users/adong/Dev/Golang/pkg/mod/github.com/gin-gonic/gin@v1.8.1/gin.go:616 (0x1501418)
	(*Engine).handleHTTPRequest: c.Next()
/Users/adong/Dev/Golang/pkg/mod/github.com/gin-gonic/gin@v1.8.1/gin.go:572 (0x1500f5c)
	(*Engine).ServeHTTP: engine.handleHTTPRequest(c)
/usr/local/go/src/net/http/server.go:2947 (0x12e1d8b)
	serverHandler.ServeHTTP: handler.ServeHTTP(rw, req)
/usr/local/go/src/net/http/server.go:1991 (0x12dcfa6)
	(*conn).serve: serverHandler{c.server}.ServeHTTP(w, w.req)
/usr/local/go/src/runtime/asm_amd64.s:1594 (0x106cd20)
	goexit: BYTE	$0x90	// NOP
[0m
|
2023-01-05 17:12:58 | SYSTEMINFO| /Users/adong/Dev/Golang/pkg/mod/github.com/jackylee92/rgo@v1.0.11/core/rgdestroy/rgdestroy.go:18| æ”¶åˆ°ä¿¡å·ï¼Œè¿›ç¨‹è¢«ç»“æŸ | ä¿¡å·å€¼:interrupt|
2023-01-05 17:13:00 | SYSTEMINFO| /Users/adong/Dev/Golang/pkg/mod/github.com/jackylee92/rgo@v1.0.11/core/rgmysql/rgmysql.go:113| å¯åŠ¨é¡¹ã€mysqlã€‘ | ã€defaultã€‘ | :æˆåŠŸ|
2023-01-05 17:13:00 | SYSTEMINFO| /Users/adong/Dev/Golang/pkg/mod/github.com/jackylee92/rgo@v1.0.11/init.go:53| å¯åŠ¨é¡¹ã€rgo-initã€‘:æˆåŠŸ|
2023-01-05 17:13:00 | SYSTEMINFO| /Users/adong/Dev/Golang/pkg/mod/github.com/jackylee92/rgo@v1.0.11/core/rgrouter/rgrouter.go:32| å¯åŠ¨é¡¹ã€debugã€‘:æˆåŠŸ|
2023-01-05 17:13:00 | SYSTEMINFO| /Users/adong/Dev/Golang/pkg/mod/github.com/jackylee92/rgo@v1.0.11/core/rgpprof/rgpprof.go:25| å¯åŠ¨é¡¹ã€pprofã€‘:æˆåŠŸ|
2023-01-05 17:13:00 | SYSTEMINFO| /Users/adong/Dev/Golang/pkg/mod/github.com/jackylee92/rgo@v1.0.11/core/rgrouter/rgrouter.go:58| å¯åŠ¨é¡¹ã€portã€‘:8010|
2023-01-05 17:26:58 | SYSTEMINFO| /Users/adong/Dev/Golang/pkg/mod/github.com/jackylee92/rgo@v1.0.11/core/rgdestroy/rgdestroy.go:18| æ”¶åˆ°ä¿¡å·ï¼Œè¿›ç¨‹è¢«ç»“æŸ | ä¿¡å·å€¼:interrupt|
2023-01-05 17:27:02 | SYSTEMINFO| /Users/adong/Dev/Golang/pkg/mod/github.com/jackylee92/rgo@v1.0.11/core/rgmysql/rgmysql.go:113| å¯åŠ¨é¡¹ã€mysqlã€‘ | ã€defaultã€‘ | :æˆåŠŸ|
2023-01-05 17:27:02 | SYSTEMINFO| /Users/adong/Dev/Golang/pkg/mod/github.com/jackylee92/rgo@v1.0.11/init.go:53| å¯åŠ¨é¡¹ã€rgo-initã€‘:æˆåŠŸ|
2023-01-05 17:27:02 | SYSTEMINFO| /Users/adong/Dev/Golang/pkg/mod/github.com/jackylee92/rgo@v1.0.11/core/rgrouter/rgrouter.go:32| å¯åŠ¨é¡¹ã€debugã€‘:æˆåŠŸ|
2023-01-05 17:27:02 | SYSTEMINFO| /Users/adong/Dev/Golang/pkg/mod/github.com/jackylee92/rgo@v1.0.11/core/rgpprof/rgpprof.go:25| å¯åŠ¨é¡¹ã€pprofã€‘:æˆåŠŸ|
2023-01-05 17:27:02 | SYSTEMINFO| /Users/adong/Dev/Golang/pkg/mod/github.com/jackylee92/rgo@v1.0.11/core/rgrouter/rgrouter.go:58| å¯åŠ¨é¡¹ã€portã€‘:8010|
2023-01-05 17:29:11 | SYSTEMINFO| /Users/adong/Dev/Golang/pkg/mod/github.com/jackylee92/rgo@v1.0.11/core/rgdestroy/rgdestroy.go:18| æ”¶åˆ°ä¿¡å·ï¼Œè¿›ç¨‹è¢«ç»“æŸ | ä¿¡å·å€¼:interrupt|
2023-01-05 17:29:14 | SYSTEMINFO| /Users/adong/Dev/Golang/pkg/mod/github.com/jackylee92/rgo@v1.0.11/core/rgmysql/rgmysql.go:113| å¯åŠ¨é¡¹ã€mysqlã€‘ | ã€defaultã€‘ | :æˆåŠŸ|
2023-01-05 17:29:14 | SYSTEMINFO| /Users/adong/Dev/Golang/pkg/mod/github.com/jackylee92/rgo@v1.0.11/init.go:53| å¯åŠ¨é¡¹ã€rgo-initã€‘:æˆåŠŸ|
2023-01-05 17:29:14 | SYSTEMINFO| /Users/adong/Dev/Golang/pkg/mod/github.com/jackylee92/rgo@v1.0.11/core/rgrouter/rgrouter.go:32| å¯åŠ¨é¡¹ã€debugã€‘:æˆåŠŸ|
2023-01-05 17:29:14 | SYSTEMINFO| /Users/adong/Dev/Golang/pkg/mod/github.com/jackylee92/rgo@v1.0.11/core/rgpprof/rgpprof.go:25| å¯åŠ¨é¡¹ã€pprofã€‘:æˆåŠŸ|
2023-01-05 17:29:14 | SYSTEMINFO| /Users/adong/Dev/Golang/pkg/mod/github.com/jackylee92/rgo@v1.0.11/core/rgrouter/rgrouter.go:58| å¯åŠ¨é¡¹ã€portã€‘:8010|
2023-01-05 17:29:17 | SYSTEMERROR| /Users/adong/Dev/Golang/pkg/mod/github.com/jackylee92/rgo@v1.0.11/core/rgmiddleware/recovery/recovery.go:28| ç¨‹åºå¼‚å¸¸panic|err:

[31m2023/01/05 17:29:17 [Recovery] 2023/01/05 - 17:29:17 panic recovered:
runtime error: invalid memory address or nil pointer dereference
/usr/local/go/src/runtime/panic.go:260 (0x104ee15)
	panicmem: panic(memoryError)
/usr/local/go/src/runtime/signal_unix.go:835 (0x104ede5)
	sigpanic: panicmem()
/Users/adong/Dev/Golang/src/member-system-server/pkg/jwt/jwt.go:75 (0x1756f8d)
	ParseToken: loginData.Username = claim["Username"].(string)
/Users/adong/Dev/Golang/src/member-system-server/internal/app/fictitious_order/middleware/authentication/authentication.go:26 (0x175c9f8)
	CheckLogin: data, err := jwt.ParseToken(this, token)
/Users/adong/Dev/Golang/pkg/mod/github.com/gin-gonic/gin@v1.8.1/context.go:173 (0x175c8cc)
	(*Context).Next: c.handlers[c.index](c)
/Users/adong/Dev/Golang/src/member-system-server/internal/app/fictitious_order/middleware/app_lock/app_lock.go:19 (0x175c8b9)
	AppLockCheck: c.Next()
/Users/adong/Dev/Golang/pkg/mod/github.com/gin-gonic/gin@v1.8.1/context.go:173 (0x174ca19)
	(*Context).Next: c.handlers[c.index](c)
/Users/adong/Dev/Golang/pkg/mod/github.com/gin-contrib/sessions@v0.0.5/sessions.go:54 (0x174ca05)
	Sessions.func1: c.Next()
/Users/adong/Dev/Golang/pkg/mod/github.com/gin-gonic/gin@v1.8.1/context.go:173 (0x1717c9e)
	(*Context).Next: c.handlers[c.index](c)
/Users/adong/Dev/Golang/pkg/mod/github.com/jackylee92/rgo@v1.0.11/core/rgmiddleware/container/container.go:20 (0x1717c85)
	Handle.func1: c.Next()
/Users/adong/Dev/Golang/pkg/mod/github.com/gin-gonic/gin@v1.8.1/context.go:173 (0x1502941)
	(*Context).Next: c.handlers[c.index](c)
/Users/adong/Dev/Golang/pkg/mod/github.com/gin-gonic/gin@v1.8.1/recovery.go:101 (0x150292c)
	CustomRecoveryWithWriter.func1: c.Next()
/Users/adong/Dev/Golang/pkg/mod/github.com/gin-gonic/gin@v1.8.1/context.go:173 (0x1719c36)
	(*Context).Next: c.handlers[c.index](c)
/Users/adong/Dev/Golang/pkg/mod/github.com/jackylee92/rgo@v1.0.11/core/rgmiddleware/requestlog/requestlog.go:51 (0x1719c22)
	Handle.func1: c.Next()
/Users/adong/Dev/Golang/pkg/mod/github.com/gin-gonic/gin@v1.8.1/context.go:173 (0x171889e)
	(*Context).Next: c.handlers[c.index](c)
/Users/adong/Dev/Golang/pkg/mod/github.com/jackylee92/rgo@v1.0.11/core/rgmiddleware/jeager/jeager.go:81 (0x1717fc8)
	Handle.func1: c.Next()
/Users/adong/Dev/Golang/pkg/mod/github.com/gin-gonic/gin@v1.8.1/context.go:173 (0x1717e4a)
	(*Context).Next: c.handlers[c.index](c)
/Users/adong/Dev/Golang/pkg/mod/github.com/jackylee92/rgo@v1.0.11/core/rgmiddleware/crossdomain/crossdomain.go:23 (0x1717e31)
	Handle.func1: c.Next()
/Users/adong/Dev/Golang/pkg/mod/github.com/gin-gonic/gin@v1.8.1/context.go:173 (0x15017b0)
	(*Context).Next: c.handlers[c.index](c)
/Users/adong/Dev/Golang/pkg/mod/github.com/gin-gonic/gin@v1.8.1/gin.go:616 (0x1501418)
	(*Engine).handleHTTPRequest: c.Next()
/Users/adong/Dev/Golang/pkg/mod/github.com/gin-gonic/gin@v1.8.1/gin.go:572 (0x1500f5c)
	(*Engine).ServeHTTP: engine.handleHTTPRequest(c)
/usr/local/go/src/net/http/server.go:2947 (0x12e1d8b)
	serverHandler.ServeHTTP: handler.ServeHTTP(rw, req)
/usr/local/go/src/net/http/server.go:1991 (0x12dcfa6)
	(*conn).serve: serverHandler{c.server}.ServeHTTP(w, w.req)
/usr/local/go/src/runtime/asm_amd64.s:1594 (0x106cd20)
	goexit: BYTE	$0x90	// NOP
[0m
|
2023-01-05 17:30:22 | SYSTEMINFO| /Users/adong/Dev/Golang/pkg/mod/github.com/jackylee92/rgo@v1.0.11/core/rgdestroy/rgdestroy.go:18| æ”¶åˆ°ä¿¡å·ï¼Œè¿›ç¨‹è¢«ç»“æŸ | ä¿¡å·å€¼:interrupt|
2023-01-05 17:30:26 | SYSTEMINFO| /Users/adong/Dev/Golang/pkg/mod/github.com/jackylee92/rgo@v1.0.11/core/rgmysql/rgmysql.go:113| å¯åŠ¨é¡¹ã€mysqlã€‘ | ã€defaultã€‘ | :æˆåŠŸ|
2023-01-05 17:30:26 | SYSTEMINFO| /Users/adong/Dev/Golang/pkg/mod/github.com/jackylee92/rgo@v1.0.11/init.go:53| å¯åŠ¨é¡¹ã€rgo-initã€‘:æˆåŠŸ|
2023-01-05 17:30:26 | SYSTEMINFO| /Users/adong/Dev/Golang/pkg/mod/github.com/jackylee92/rgo@v1.0.11/core/rgrouter/rgrouter.go:32| å¯åŠ¨é¡¹ã€debugã€‘:æˆåŠŸ|
2023-01-05 17:30:26 | SYSTEMINFO| /Users/adong/Dev/Golang/pkg/mod/github.com/jackylee92/rgo@v1.0.11/core/rgpprof/rgpprof.go:25| å¯åŠ¨é¡¹ã€pprofã€‘:æˆåŠŸ|
2023-01-05 17:30:26 | SYSTEMINFO| /Users/adong/Dev/Golang/pkg/mod/github.com/jackylee92/rgo@v1.0.11/core/rgrouter/rgrouter.go:58| å¯åŠ¨é¡¹ã€portã€‘:8010|
2023-01-05 17:31:10 | SYSTEMINFO| /Users/adong/Dev/Golang/pkg/mod/github.com/jackylee92/rgo@v1.0.11/core/rgdestroy/rgdestroy.go:18| æ”¶åˆ°ä¿¡å·ï¼Œè¿›ç¨‹è¢«ç»“æŸ | ä¿¡å·å€¼:interrupt|
2023-01-05 17:31:12 | SYSTEMINFO| /Users/adong/Dev/Golang/pkg/mod/github.com/jackylee92/rgo@v1.0.11/core/rgmysql/rgmysql.go:113| å¯åŠ¨é¡¹ã€mysqlã€‘ | ã€defaultã€‘ | :æˆåŠŸ|
2023-01-05 17:31:12 | SYSTEMINFO| /Users/adong/Dev/Golang/pkg/mod/github.com/jackylee92/rgo@v1.0.11/init.go:53| å¯åŠ¨é¡¹ã€rgo-initã€‘:æˆåŠŸ|
2023-01-05 17:31:12 | SYSTEMINFO| /Users/adong/Dev/Golang/pkg/mod/github.com/jackylee92/rgo@v1.0.11/core/rgrouter/rgrouter.go:32| å¯åŠ¨é¡¹ã€debugã€‘:æˆåŠŸ|
2023-01-05 17:31:12 | SYSTEMINFO| /Users/adong/Dev/Golang/pkg/mod/github.com/jackylee92/rgo@v1.0.11/core/rgpprof/rgpprof.go:25| å¯åŠ¨é¡¹ã€pprofã€‘:æˆåŠŸ|
2023-01-05 17:31:12 | SYSTEMINFO| /Users/adong/Dev/Golang/pkg/mod/github.com/jackylee92/rgo@v1.0.11/core/rgrouter/rgrouter.go:58| å¯åŠ¨é¡¹ã€portã€‘:8010|
2023-01-05 17:32:56 | SYSTEMINFO| /Users/adong/Dev/Golang/pkg/mod/github.com/jackylee92/rgo@v1.0.11/core/rgdestroy/rgdestroy.go:18| æ”¶åˆ°ä¿¡å·ï¼Œè¿›ç¨‹è¢«ç»“æŸ | ä¿¡å·å€¼:interrupt|
2023-01-05 17:32:59 | SYSTEMINFO| /Users/adong/Dev/Golang/pkg/mod/github.com/jackylee92/rgo@v1.0.11/core/rgmysql/rgmysql.go:113| å¯åŠ¨é¡¹ã€mysqlã€‘ | ã€defaultã€‘ | :æˆåŠŸ|
2023-01-05 17:32:59 | SYSTEMINFO| /Users/adong/Dev/Golang/pkg/mod/github.com/jackylee92/rgo@v1.0.11/init.go:53| å¯åŠ¨é¡¹ã€rgo-initã€‘:æˆåŠŸ|
2023-01-05 17:32:59 | SYSTEMINFO| /Users/adong/Dev/Golang/pkg/mod/github.com/jackylee92/rgo@v1.0.11/core/rgrouter/rgrouter.go:32| å¯åŠ¨é¡¹ã€debugã€‘:æˆåŠŸ|
2023-01-05 17:32:59 | SYSTEMINFO| /Users/adong/Dev/Golang/pkg/mod/github.com/jackylee92/rgo@v1.0.11/core/rgpprof/rgpprof.go:25| å¯åŠ¨é¡¹ã€pprofã€‘:æˆåŠŸ|
2023-01-05 17:32:59 | SYSTEMINFO| /Users/adong/Dev/Golang/pkg/mod/github.com/jackylee92/rgo@v1.0.11/core/rgrouter/rgrouter.go:58| å¯åŠ¨é¡¹ã€portã€‘:8010|
2023-01-05 17:33:02 | SYSTEMERROR| /Users/adong/Dev/Golang/pkg/mod/github.com/jackylee92/rgo@v1.0.11/core/rgmiddleware/recovery/recovery.go:28| ç¨‹åºå¼‚å¸¸panic|err:

[31m2023/01/05 17:33:02 [Recovery] 2023/01/05 - 17:33:02 panic recovered:
interface conversion: interface {} is float64, not int
/usr/local/go/src/runtime/iface.go:262 (0x100c209)
	panicdottypeE: panic(&TypeAssertionError{iface, have, want, ""})
/Users/adong/Dev/Golang/src/member-system-server/pkg/jwt/jwt.go:77 (0x1757105)
	ParseToken: loginData.UserId = claim["UserId"].(int)
/Users/adong/Dev/Golang/src/member-system-server/internal/app/fictitious_order/middleware/authentication/authentication.go:26 (0x175cab8)
	CheckLogin: data, err := jwt.ParseToken(this, token)
/Users/adong/Dev/Golang/pkg/mod/github.com/gin-gonic/gin@v1.8.1/context.go:173 (0x175c98c)
	(*Context).Next: c.handlers[c.index](c)
/Users/adong/Dev/Golang/src/member-system-server/internal/app/fictitious_order/middleware/app_lock/app_lock.go:19 (0x175c979)
	AppLockCheck: c.Next()
/Users/adong/Dev/Golang/pkg/mod/github.com/gin-gonic/gin@v1.8.1/context.go:173 (0x174ca19)
	(*Context).Next: c.handlers[c.index](c)
/Users/adong/Dev/Golang/pkg/mod/github.com/gin-contrib/sessions@v0.0.5/sessions.go:54 (0x174ca05)
	Sessions.func1: c.Next()
/Users/adong/Dev/Golang/pkg/mod/github.com/gin-gonic/gin@v1.8.1/context.go:173 (0x1717c9e)
	(*Context).Next: c.handlers[c.index](c)
/Users/adong/Dev/Golang/pkg/mod/github.com/jackylee92/rgo@v1.0.11/core/rgmiddleware/container/container.go:20 (0x1717c85)
	Handle.func1: c.Next()
/Users/adong/Dev/Golang/pkg/mod/github.com/gin-gonic/gin@v1.8.1/context.go:173 (0x1502941)
	(*Context).Next: c.handlers[c.index](c)
/Users/adong/Dev/Golang/pkg/mod/github.com/gin-gonic/gin@v1.8.1/recovery.go:101 (0x150292c)
	CustomRecoveryWithWriter.func1: c.Next()
/Users/adong/Dev/Golang/pkg/mod/github.com/gin-gonic/gin@v1.8.1/context.go:173 (0x1719c36)
	(*Context).Next: c.handlers[c.index](c)
/Users/adong/Dev/Golang/pkg/mod/github.com/jackylee92/rgo@v1.0.11/core/rgmiddleware/requestlog/requestlog.go:51 (0x1719c22)
	Handle.func1: c.Next()
/Users/adong/Dev/Golang/pkg/mod/github.com/gin-gonic/gin@v1.8.1/context.go:173 (0x171889e)
	(*Context).Next: c.handlers[c.index](c)
/Users/adong/Dev/Golang/pkg/mod/github.com/jackylee92/rgo@v1.0.11/core/rgmiddleware/jeager/jeager.go:81 (0x1717fc8)
	Handle.func1: c.Next()
/Users/adong/Dev/Golang/pkg/mod/github.com/gin-gonic/gin@v1.8.1/context.go:173 (0x1717e4a)
	(*Context).Next: c.handlers[c.index](c)
/Users/adong/Dev/Golang/pkg/mod/github.com/jackylee92/rgo@v1.0.11/core/rgmiddleware/crossdomain/crossdomain.go:23 (0x1717e31)
	Handle.func1: c.Next()
/Users/adong/Dev/Golang/pkg/mod/github.com/gin-gonic/gin@v1.8.1/context.go:173 (0x15017b0)
	(*Context).Next: c.handlers[c.index](c)
/Users/adong/Dev/Golang/pkg/mod/github.com/gin-gonic/gin@v1.8.1/gin.go:616 (0x1501418)
	(*Engine).handleHTTPRequest: c.Next()
/Users/adong/Dev/Golang/pkg/mod/github.com/gin-gonic/gin@v1.8.1/gin.go:572 (0x1500f5c)
	(*Engine).ServeHTTP: engine.handleHTTPRequest(c)
/usr/local/go/src/net/http/server.go:2947 (0x12e1d8b)
	serverHandler.ServeHTTP: handler.ServeHTTP(rw, req)
/usr/local/go/src/net/http/server.go:1991 (0x12dcfa6)
	(*conn).serve: serverHandler{c.server}.ServeHTTP(w, w.req)
/usr/local/go/src/runtime/asm_amd64.s:1594 (0x106cd20)
	goexit: BYTE	$0x90	// NOP
[0m
|
2023-01-05 17:34:21 | SYSTEMINFO| /Users/adong/Dev/Golang/pkg/mod/github.com/jackylee92/rgo@v1.0.11/core/rgdestroy/rgdestroy.go:18| æ”¶åˆ°ä¿¡å·ï¼Œè¿›ç¨‹è¢«ç»“æŸ | ä¿¡å·å€¼:interrupt|
2023-01-05 17:34:24 | SYSTEMINFO| /Users/adong/Dev/Golang/pkg/mod/github.com/jackylee92/rgo@v1.0.11/core/rgmysql/rgmysql.go:113| å¯åŠ¨é¡¹ã€mysqlã€‘ | ã€defaultã€‘ | :æˆåŠŸ|
2023-01-05 17:34:24 | SYSTEMINFO| /Users/adong/Dev/Golang/pkg/mod/github.com/jackylee92/rgo@v1.0.11/init.go:53| å¯åŠ¨é¡¹ã€rgo-initã€‘:æˆåŠŸ|
2023-01-05 17:34:24 | SYSTEMINFO| /Users/adong/Dev/Golang/pkg/mod/github.com/jackylee92/rgo@v1.0.11/core/rgrouter/rgrouter.go:32| å¯åŠ¨é¡¹ã€debugã€‘:æˆåŠŸ|
2023-01-05 17:34:24 | SYSTEMINFO| /Users/adong/Dev/Golang/pkg/mod/github.com/jackylee92/rgo@v1.0.11/core/rgpprof/rgpprof.go:25| å¯åŠ¨é¡¹ã€pprofã€‘:æˆåŠŸ|
2023-01-05 17:34:24 | SYSTEMINFO| /Users/adong/Dev/Golang/pkg/mod/github.com/jackylee92/rgo@v1.0.11/core/rgrouter/rgrouter.go:58| å¯åŠ¨é¡¹ã€portã€‘:8010|
2023-01-05 17:41:26 | SYSTEMINFO| /Users/adong/Dev/Golang/pkg/mod/github.com/jackylee92/rgo@v1.0.11/core/rgdestroy/rgdestroy.go:18| æ”¶åˆ°ä¿¡å·ï¼Œè¿›ç¨‹è¢«ç»“æŸ | ä¿¡å·å€¼:interrupt|
2023-01-05 17:41:30 | SYSTEMINFO| /Users/adong/Dev/Golang/pkg/mod/github.com/jackylee92/rgo@v1.0.11/core/rgmysql/rgmysql.go:113| å¯åŠ¨é¡¹ã€mysqlã€‘ | ã€defaultã€‘ | :æˆåŠŸ|
2023-01-05 17:41:30 | SYSTEMINFO| /Users/adong/Dev/Golang/pkg/mod/github.com/jackylee92/rgo@v1.0.11/init.go:53| å¯åŠ¨é¡¹ã€rgo-initã€‘:æˆåŠŸ|
2023-01-05 17:41:30 | SYSTEMINFO| /Users/adong/Dev/Golang/pkg/mod/github.com/jackylee92/rgo@v1.0.11/core/rgrouter/rgrouter.go:32| å¯åŠ¨é¡¹ã€debugã€‘:æˆåŠŸ|
2023-01-05 17:41:30 | SYSTEMINFO| /Users/adong/Dev/Golang/pkg/mod/github.com/jackylee92/rgo@v1.0.11/core/rgpprof/rgpprof.go:25| å¯åŠ¨é¡¹ã€pprofã€‘:æˆåŠŸ|
2023-01-05 17:41:30 | SYSTEMINFO| /Users/adong/Dev/Golang/pkg/mod/github.com/jackylee92/rgo@v1.0.11/core/rgrouter/rgrouter.go:58| å¯åŠ¨é¡¹ã€portã€‘:8010|
2023-01-05 17:43:27 | SYSTEMINFO| /Users/adong/Dev/Golang/pkg/mod/github.com/jackylee92/rgo@v1.0.11/core/rgdestroy/rgdestroy.go:18| æ”¶åˆ°ä¿¡å·ï¼Œè¿›ç¨‹è¢«ç»“æŸ | ä¿¡å·å€¼:interrupt|
2023-01-05 17:43:30 | SYSTEMINFO| /Users/adong/Dev/Golang/pkg/mod/github.com/jackylee92/rgo@v1.0.11/core/rgmysql/rgmysql.go:113| å¯åŠ¨é¡¹ã€mysqlã€‘ | ã€defaultã€‘ | :æˆåŠŸ|
2023-01-05 17:43:30 | SYSTEMINFO| /Users/adong/Dev/Golang/pkg/mod/github.com/jackylee92/rgo@v1.0.11/init.go:53| å¯åŠ¨é¡¹ã€rgo-initã€‘:æˆåŠŸ|
2023-01-05 17:43:30 | SYSTEMINFO| /Users/adong/Dev/Golang/pkg/mod/github.com/jackylee92/rgo@v1.0.11/core/rgrouter/rgrouter.go:32| å¯åŠ¨é¡¹ã€debugã€‘:æˆåŠŸ|
2023-01-05 17:43:30 | SYSTEMINFO| /Users/adong/Dev/Golang/pkg/mod/github.com/jackylee92/rgo@v1.0.11/core/rgpprof/rgpprof.go:25| å¯åŠ¨é¡¹ã€pprofã€‘:æˆåŠŸ|
2023-01-05 17:43:30 | SYSTEMINFO| /Users/adong/Dev/Golang/pkg/mod/github.com/jackylee92/rgo@v1.0.11/core/rgrouter/rgrouter.go:58| å¯åŠ¨é¡¹ã€portã€‘:8010|
2023-01-05 17:43:45 | SYSTEMERROR| /Users/adong/Dev/Golang/pkg/mod/github.com/jackylee92/rgo@v1.0.11/core/rgmiddleware/recovery/recovery.go:28| ç¨‹åºå¼‚å¸¸panic|err:

[31m2023/01/05 17:43:45 [Recovery] 2023/01/05 - 17:43:45 panic recovered:
runtime error: invalid memory address or nil pointer dereference
/usr/local/go/src/runtime/panic.go:260 (0x104ee15)
	panicmem: panic(memoryError)
/usr/local/go/src/runtime/signal_unix.go:835 (0x104ede5)
	sigpanic: panicmem()
/Users/adong/Dev/Golang/src/member-system-server/pkg/jwt/jwt.go:66 (0x1756eef)
	ParseToken: claim, ok := tokenTmp.Claims.(jwt.MapClaims)
/Users/adong/Dev/Golang/src/member-system-server/internal/app/fictitious_order/api/user.go:56 (0x175a627)
	CheckLogin: jwtData, err := jwt.ParseToken(this, token)
/Users/adong/Dev/Golang/src/member-system-server/internal/app/fictitious_order/api/user.go:74 (0x175a824)
	LoginHandle: isLogin, userInfo, token := CheckLogin(this)
/Users/adong/Dev/Golang/pkg/mod/github.com/gin-gonic/gin@v1.8.1/context.go:173 (0x1750add)
	(*Context).Next: c.handlers[c.index](c)
/Users/adong/Dev/Golang/src/member-system-server/internal/app/fictitious_order/validator/login.go:30 (0x1750a6c)
	CheckLoginParam: c.Next()
/Users/adong/Dev/Golang/pkg/mod/github.com/gin-gonic/gin@v1.8.1/context.go:173 (0x174ca19)
	(*Context).Next: c.handlers[c.index](c)
/Users/adong/Dev/Golang/pkg/mod/github.com/gin-contrib/sessions@v0.0.5/sessions.go:54 (0x174ca05)
	Sessions.func1: c.Next()
/Users/adong/Dev/Golang/pkg/mod/github.com/gin-gonic/gin@v1.8.1/context.go:173 (0x1717c9e)
	(*Context).Next: c.handlers[c.index](c)
/Users/adong/Dev/Golang/pkg/mod/github.com/jackylee92/rgo@v1.0.11/core/rgmiddleware/container/container.go:20 (0x1717c85)
	Handle.func1: c.Next()
/Users/adong/Dev/Golang/pkg/mod/github.com/gin-gonic/gin@v1.8.1/context.go:173 (0x1502941)
	(*Context).Next: c.handlers[c.index](c)
/Users/adong/Dev/Golang/pkg/mod/github.com/gin-gonic/gin@v1.8.1/recovery.go:101 (0x150292c)
	CustomRecoveryWithWriter.func1: c.Next()
/Users/adong/Dev/Golang/pkg/mod/github.com/gin-gonic/gin@v1.8.1/context.go:173 (0x1719c36)
	(*Context).Next: c.handlers[c.index](c)
/Users/adong/Dev/Golang/pkg/mod/github.com/jackylee92/rgo@v1.0.11/core/rgmiddleware/requestlog/requestlog.go:51 (0x1719c22)
	Handle.func1: c.Next()
/Users/adong/Dev/Golang/pkg/mod/github.com/gin-gonic/gin@v1.8.1/context.go:173 (0x171889e)
	(*Context).Next: c.handlers[c.index](c)
/Users/adong/Dev/Golang/pkg/mod/github.com/jackylee92/rgo@v1.0.11/core/rgmiddleware/jeager/jeager.go:81 (0x1717fc8)
	Handle.func1: c.Next()
/Users/adong/Dev/Golang/pkg/mod/github.com/gin-gonic/gin@v1.8.1/context.go:173 (0x1717e4a)
	(*Context).Next: c.handlers[c.index](c)
/Users/adong/Dev/Golang/pkg/mod/github.com/jackylee92/rgo@v1.0.11/core/rgmiddleware/crossdomain/crossdomain.go:23 (0x1717e31)
	Handle.func1: c.Next()
/Users/adong/Dev/Golang/pkg/mod/github.com/gin-gonic/gin@v1.8.1/context.go:173 (0x15017b0)
	(*Context).Next: c.handlers[c.index](c)
/Users/adong/Dev/Golang/pkg/mod/github.com/gin-gonic/gin@v1.8.1/gin.go:616 (0x1501418)
	(*Engine).handleHTTPRequest: c.Next()
/Users/adong/Dev/Golang/pkg/mod/github.com/gin-gonic/gin@v1.8.1/gin.go:572 (0x1500f5c)
	(*Engine).ServeHTTP: engine.handleHTTPRequest(c)
/usr/local/go/src/net/http/server.go:2947 (0x12e1d8b)
	serverHandler.ServeHTTP: handler.ServeHTTP(rw, req)
/usr/local/go/src/net/http/server.go:1991 (0x12dcfa6)
	(*conn).serve: serverHandler{c.server}.ServeHTTP(w, w.req)
/usr/local/go/src/runtime/asm_amd64.s:1594 (0x106cd20)
	goexit: BYTE	$0x90	// NOP
[0m
|
2023-01-05 17:45:12 | SYSTEMINFO| /Users/adong/Dev/Golang/pkg/mod/github.com/jackylee92/rgo@v1.0.11/core/rgdestroy/rgdestroy.go:18| æ”¶åˆ°ä¿¡å·ï¼Œè¿›ç¨‹è¢«ç»“æŸ | ä¿¡å·å€¼:interrupt|
2023-01-05 17:45:16 | SYSTEMINFO| /Users/adong/Dev/Golang/pkg/mod/github.com/jackylee92/rgo@v1.0.11/core/rgmysql/rgmysql.go:113| å¯åŠ¨é¡¹ã€mysqlã€‘ | ã€defaultã€‘ | :æˆåŠŸ|
2023-01-05 17:45:16 | SYSTEMINFO| /Users/adong/Dev/Golang/pkg/mod/github.com/jackylee92/rgo@v1.0.11/init.go:53| å¯åŠ¨é¡¹ã€rgo-initã€‘:æˆåŠŸ|
2023-01-05 17:45:16 | SYSTEMINFO| /Users/adong/Dev/Golang/pkg/mod/github.com/jackylee92/rgo@v1.0.11/core/rgrouter/rgrouter.go:32| å¯åŠ¨é¡¹ã€debugã€‘:æˆåŠŸ|
2023-01-05 17:45:16 | SYSTEMINFO| /Users/adong/Dev/Golang/pkg/mod/github.com/jackylee92/rgo@v1.0.11/core/rgpprof/rgpprof.go:25| å¯åŠ¨é¡¹ã€pprofã€‘:æˆåŠŸ|
2023-01-05 17:45:16 | SYSTEMINFO| /Users/adong/Dev/Golang/pkg/mod/github.com/jackylee92/rgo@v1.0.11/core/rgrouter/rgrouter.go:58| å¯åŠ¨é¡¹ã€portã€‘:8010|
2023-01-05 17:47:11 | SYSTEMINFO| /Users/adong/Dev/Golang/pkg/mod/github.com/jackylee92/rgo@v1.0.11/core/rgdestroy/rgdestroy.go:18| æ”¶åˆ°ä¿¡å·ï¼Œè¿›ç¨‹è¢«ç»“æŸ | ä¿¡å·å€¼:interrupt|
2023-01-05 17:47:14 | SYSTEMINFO| /Users/adong/Dev/Golang/pkg/mod/github.com/jackylee92/rgo@v1.0.11/core/rgmysql/rgmysql.go:113| å¯åŠ¨é¡¹ã€mysqlã€‘ | ã€defaultã€‘ | :æˆåŠŸ|
2023-01-05 17:47:14 | SYSTEMINFO| /Users/adong/Dev/Golang/pkg/mod/github.com/jackylee92/rgo@v1.0.11/init.go:53| å¯åŠ¨é¡¹ã€rgo-initã€‘:æˆåŠŸ|
2023-01-05 17:47:14 | SYSTEMINFO| /Users/adong/Dev/Golang/pkg/mod/github.com/jackylee92/rgo@v1.0.11/core/rgrouter/rgrouter.go:32| å¯åŠ¨é¡¹ã€debugã€‘:æˆåŠŸ|
2023-01-05 17:47:14 | SYSTEMINFO| /Users/adong/Dev/Golang/pkg/mod/github.com/jackylee92/rgo@v1.0.11/core/rgpprof/rgpprof.go:25| å¯åŠ¨é¡¹ã€pprofã€‘:æˆåŠŸ|
2023-01-05 17:47:14 | SYSTEMINFO| /Users/adong/Dev/Golang/pkg/mod/github.com/jackylee92/rgo@v1.0.11/core/rgrouter/rgrouter.go:58| å¯åŠ¨é¡¹ã€portã€‘:8010|
2023-01-05 17:48:00 | SYSTEMINFO| /Users/adong/Dev/Golang/pkg/mod/github.com/jackylee92/rgo@v1.0.11/core/rgdestroy/rgdestroy.go:18| æ”¶åˆ°ä¿¡å·ï¼Œè¿›ç¨‹è¢«ç»“æŸ | ä¿¡å·å€¼:interrupt|
2023-01-05 17:48:02 | SYSTEMINFO| /Users/adong/Dev/Golang/pkg/mod/github.com/jackylee92/rgo@v1.0.11/core/rgmysql/rgmysql.go:113| å¯åŠ¨é¡¹ã€mysqlã€‘ | ã€defaultã€‘ | :æˆåŠŸ|
2023-01-05 17:48:02 | SYSTEMINFO| /Users/adong/Dev/Golang/pkg/mod/github.com/jackylee92/rgo@v1.0.11/init.go:53| å¯åŠ¨é¡¹ã€rgo-initã€‘:æˆåŠŸ|
2023-01-05 17:48:02 | SYSTEMINFO| /Users/adong/Dev/Golang/pkg/mod/github.com/jackylee92/rgo@v1.0.11/core/rgrouter/rgrouter.go:32| å¯åŠ¨é¡¹ã€debugã€‘:æˆåŠŸ|
2023-01-05 17:48:02 | SYSTEMINFO| /Users/adong/Dev/Golang/pkg/mod/github.com/jackylee92/rgo@v1.0.11/core/rgpprof/rgpprof.go:25| å¯åŠ¨é¡¹ã€pprofã€‘:æˆåŠŸ|
2023-01-05 17:48:02 | SYSTEMINFO| /Users/adong/Dev/Golang/pkg/mod/github.com/jackylee92/rgo@v1.0.11/core/rgrouter/rgrouter.go:58| å¯åŠ¨é¡¹ã€portã€‘:8010|
2023-01-05 17:53:43 | SYSTEMINFO| /Users/adong/Dev/Golang/pkg/mod/github.com/jackylee92/rgo@v1.0.11/core/rgdestroy/rgdestroy.go:18| æ”¶åˆ°ä¿¡å·ï¼Œè¿›ç¨‹è¢«ç»“æŸ | ä¿¡å·å€¼:interrupt|
2023-01-05 17:53:46 | SYSTEMINFO| /Users/adong/Dev/Golang/pkg/mod/github.com/jackylee92/rgo@v1.0.11/core/rgmysql/rgmysql.go:113| å¯åŠ¨é¡¹ã€mysqlã€‘ | ã€defaultã€‘ | :æˆåŠŸ|
2023-01-05 17:53:46 | SYSTEMINFO| /Users/adong/Dev/Golang/pkg/mod/github.com/jackylee92/rgo@v1.0.11/init.go:53| å¯åŠ¨é¡¹ã€rgo-initã€‘:æˆåŠŸ|
2023-01-05 17:53:46 | SYSTEMINFO| /Users/adong/Dev/Golang/pkg/mod/github.com/jackylee92/rgo@v1.0.11/core/rgrouter/rgrouter.go:32| å¯åŠ¨é¡¹ã€debugã€‘:æˆåŠŸ|
2023-01-05 17:53:46 | SYSTEMINFO| /Users/adong/Dev/Golang/pkg/mod/github.com/jackylee92/rgo@v1.0.11/core/rgpprof/rgpprof.go:25| å¯åŠ¨é¡¹ã€pprofã€‘:æˆåŠŸ|
2023-01-05 17:53:46 | SYSTEMINFO| /Users/adong/Dev/Golang/pkg/mod/github.com/jackylee92/rgo@v1.0.11/core/rgrouter/rgrouter.go:58| å¯åŠ¨é¡¹ã€portã€‘:8010|
2023-01-05 17:54:08 | SYSTEMINFO| /Users/adong/Dev/Golang/pkg/mod/github.com/jackylee92/rgo@v1.0.11/core/rgdestroy/rgdestroy.go:18| æ”¶åˆ°ä¿¡å·ï¼Œè¿›ç¨‹è¢«ç»“æŸ | ä¿¡å·å€¼:interrupt|
2023-01-05 17:54:10 | SYSTEMINFO| /Users/adong/Dev/Golang/pkg/mod/github.com/jackylee92/rgo@v1.0.11/core/rgmysql/rgmysql.go:113| å¯åŠ¨é¡¹ã€mysqlã€‘ | ã€defaultã€‘ | :æˆåŠŸ|
2023-01-05 17:54:10 | SYSTEMINFO| /Users/adong/Dev/Golang/pkg/mod/github.com/jackylee92/rgo@v1.0.11/init.go:53| å¯åŠ¨é¡¹ã€rgo-initã€‘:æˆåŠŸ|
2023-01-05 17:54:10 | SYSTEMINFO| /Users/adong/Dev/Golang/pkg/mod/github.com/jackylee92/rgo@v1.0.11/core/rgrouter/rgrouter.go:32| å¯åŠ¨é¡¹ã€debugã€‘:æˆåŠŸ|
2023-01-05 17:54:10 | SYSTEMINFO| /Users/adong/Dev/Golang/pkg/mod/github.com/jackylee92/rgo@v1.0.11/core/rgpprof/rgpprof.go:25| å¯åŠ¨é¡¹ã€pprofã€‘:æˆåŠŸ|
2023-01-05 17:54:10 | SYSTEMINFO| /Users/adong/Dev/Golang/pkg/mod/github.com/jackylee92/rgo@v1.0.11/core/rgrouter/rgrouter.go:58| å¯åŠ¨é¡¹ã€portã€‘:8010|
2023-01-05 17:56:29 | SYSTEMINFO| /Users/adong/Dev/Golang/pkg/mod/github.com/jackylee92/rgo@v1.0.11/core/rgdestroy/rgdestroy.go:18| æ”¶åˆ°ä¿¡å·ï¼Œè¿›ç¨‹è¢«ç»“æŸ | ä¿¡å·å€¼:interrupt|
2023-01-05 17:56:32 | SYSTEMINFO| /Users/adong/Dev/Golang/pkg/mod/github.com/jackylee92/rgo@v1.0.11/core/rgmysql/rgmysql.go:113| å¯åŠ¨é¡¹ã€mysqlã€‘ | ã€defaultã€‘ | :æˆåŠŸ|
2023-01-05 17:56:32 | SYSTEMINFO| /Users/adong/Dev/Golang/pkg/mod/github.com/jackylee92/rgo@v1.0.11/init.go:53| å¯åŠ¨é¡¹ã€rgo-initã€‘:æˆåŠŸ|
2023-01-05 17:56:32 | SYSTEMINFO| /Users/adong/Dev/Golang/pkg/mod/github.com/jackylee92/rgo@v1.0.11/core/rgrouter/rgrouter.go:32| å¯åŠ¨é¡¹ã€debugã€‘:æˆåŠŸ|
2023-01-05 17:56:32 | SYSTEMINFO| /Users/adong/Dev/Golang/pkg/mod/github.com/jackylee92/rgo@v1.0.11/core/rgpprof/rgpprof.go:25| å¯åŠ¨é¡¹ã€pprofã€‘:æˆåŠŸ|
2023-01-05 17:56:32 | SYSTEMINFO| /Users/adong/Dev/Golang/pkg/mod/github.com/jackylee92/rgo@v1.0.11/core/rgrouter/rgrouter.go:58| å¯åŠ¨é¡¹ã€portã€‘:8010|
2023-01-05 19:11:17 | SYSTEMINFO| /Users/adong/Dev/Golang/pkg/mod/github.com/jackylee92/rgo@v1.0.11/core/rgdestroy/rgdestroy.go:18| æ”¶åˆ°ä¿¡å·ï¼Œè¿›ç¨‹è¢«ç»“æŸ | ä¿¡å·å€¼:interrupt|
